Unity Editor version:    2021.3.12f1 (8af3c3e441b1)
Branch:                  2021.3/release
Build type:              Release
Batch mode:              YES
macOS version:           Version 11.7.2 (Build 20G1020)
Darwin version:          20.6.0
Architecture:            x86_64
Running under Rosetta:   NO
Available memory:        16384 MB
Using pre-set license
Pro License: YES

COMMAND LINE ARGUMENTS:
/Applications/Unity/Unity.app/Contents/MacOS/Unity
-adb2
-batchMode
-noUpm
-name
AssetImportWorker0
-projectPath
/Users/oscarnaranjo/Documents/ReposGIT/GameProjectON/MyProject-ON
-logFile
Logs/AssetImportWorker0.log
-srvPort
61617
Successfully changed project path to: /Users/oscarnaranjo/Documents/ReposGIT/GameProjectON/MyProject-ON
/Users/oscarnaranjo/Documents/ReposGIT/GameProjectON/MyProject-ON
[UnityMemory] Configuration Parameters - Can be set up in boot.config
    "memorysetup-bucket-allocator-granularity=16"
    "memorysetup-bucket-allocator-bucket-count=8"
    "memorysetup-bucket-allocator-block-size=33554432"
    "memorysetup-bucket-allocator-block-count=8"
    "memorysetup-main-allocator-block-size=16777216"
    "memorysetup-thread-allocator-block-size=16777216"
    "memorysetup-gfx-main-allocator-block-size=16777216"
    "memorysetup-gfx-thread-allocator-block-size=16777216"
    "memorysetup-cache-allocator-block-size=4194304"
    "memorysetup-typetree-allocator-block-size=2097152"
    "memorysetup-profiler-bucket-allocator-granularity=16"
    "memorysetup-profiler-bucket-allocator-bucket-count=8"
    "memorysetup-profiler-bucket-allocator-block-size=33554432"
    "memorysetup-profiler-bucket-allocator-block-count=8"
    "memorysetup-profiler-allocator-block-size=16777216"
    "memorysetup-profiler-editor-allocator-block-size=1048576"
    "memorysetup-temp-allocator-size-main=16777216"
    "memorysetup-job-temp-allocator-block-size=2097152"
    "memorysetup-job-temp-allocator-block-size-background=1048576"
    "memorysetup-job-temp-allocator-reduction-small-platforms=262144"
    "memorysetup-temp-allocator-size-background-worker=32768"
    "memorysetup-temp-allocator-size-job-worker=262144"
    "memorysetup-temp-allocator-size-preload-manager=33554432"
    "memorysetup-temp-allocator-size-nav-mesh-worker=65536"
    "memorysetup-temp-allocator-size-audio-worker=65536"
    "memorysetup-temp-allocator-size-cloud-worker=32768"
    "memorysetup-temp-allocator-size-gi-baking-worker=262144"
    "memorysetup-temp-allocator-size-gfx=262144"
Refreshing native plugins compatible for Editor in 333.55 ms, found 2 plugins.
Preloading 0 native plugins for Editor in 0.00 ms.
Initialize engine version: 2021.3.12f1 (8af3c3e441b1)
[Subsystems] Discovering subsystems at path /Applications/Unity/Unity.app/Contents/Resources/UnitySubsystems
[Subsystems] Discovering subsystems at path /Users/oscarnaranjo/Documents/ReposGIT/GameProjectON/MyProject-ON/Assets
GfxDevice: creating device client; threaded=0; jobified=0
Color LCD preferred device: Intel Iris Pro Graphics (low power)
Metal devices available: 1
0: Intel Iris Pro Graphics (low power)
Using device Intel Iris Pro Graphics (low power)
Initializing Metal device caps: Intel Iris Pro Graphics
Initialize mono
Mono path[0] = '/Applications/Unity/Unity.app/Contents/Managed'
Mono path[1] = '/Applications/Unity/Unity.app/Contents/MonoBleedingEdge/lib/mono/unityjit-macos'
Mono config path = '/Applications/Unity/Unity.app/Contents/MonoBleedingEdge/etc'
Using monoOptions --debugger-agent=transport=dt_socket,embedding=1,server=y,suspend=n,address=127.0.0.1:56824
Begin MonoManager ReloadAssembly
Registering precompiled unity dll's ...
Register platform support module: /Applications/Unity/Unity.app/Contents/PlaybackEngines/MacStandaloneSupport/UnityEditor.OSXStandalone.Extensions.dll
Registered in 0.025022 seconds.
Native extension for OSXStandalone target not found
Refreshing native plugins compatible for Editor in 529.97 ms, found 2 plugins.
Preloading 0 native plugins for Editor in 0.00 ms.
Mono: successfully reloaded assembly
- Completed reload, in  5.514 seconds
Domain Reload Profiling:
	ReloadAssembly (5515ms)
		BeginReloadAssembly (486ms)
			ExecutionOrderSort (0ms)
			DisableScriptedObjects (0ms)
			BackupInstance (0ms)
			ReleaseScriptingObjects (0ms)
			CreateAndSetChildDomain (4ms)
		EndReloadAssembly (4319ms)
			LoadAssemblies (493ms)
			RebuildTransferFunctionScriptingTraits (0ms)
			SetupTypeCache (950ms)
			ReleaseScriptCaches (3ms)
			RebuildScriptCaches (408ms)
			SetupLoadedEditorAssemblies (2564ms)
				LogAssemblyErrors (0ms)
				InitializePlatformSupportModulesInManaged (19ms)
				SetLoadedEditorAssemblies (0ms)
				RefreshPlugins (532ms)
				BeforeProcessingInitializeOnLoad (7ms)
				ProcessInitializeOnLoadAttributes (1678ms)
				ProcessInitializeOnLoadMethodAttributes (327ms)
				AfterProcessingInitializeOnLoad (0ms)
				EditorAssembliesLoaded (1ms)
			ExecutionOrderSort2 (0ms)
			AwakeInstancesAfterBackupRestoration (0ms)
Platform modules already initialized, skipping
Registering precompiled user dll's ...
Registered in 0.017040 seconds.
Begin MonoManager ReloadAssembly
Symbol file LoadedFromMemory doesn't match image /Users/oscarnaranjo/Documents/ReposGIT/GameProjectON/MyProject-ON/Library/PackageCache/com.unity.visualscripting@1.7.8/Editor/VisualScripting.Core/Dependencies/YamlDotNet/Unity.VisualScripting.YamlDotNet.dll
Symbol file LoadedFromMemory doesn't match image /Users/oscarnaranjo/Documents/ReposGIT/GameProjectON/MyProject-ON/Library/PackageCache/com.unity.visualscripting@1.7.8/Editor/VisualScripting.Core/Dependencies/DotNetZip/Unity.VisualScripting.IonicZip.dll
Native extension for OSXStandalone target not found
Refreshing native plugins compatible for Editor in 2.09 ms, found 2 plugins.
Preloading 0 native plugins for Editor in 0.00 ms.
Mono: successfully reloaded assembly
- Completed reload, in  9.952 seconds
Domain Reload Profiling:
	ReloadAssembly (9960ms)
		BeginReloadAssembly (585ms)
			ExecutionOrderSort (0ms)
			DisableScriptedObjects (25ms)
			BackupInstance (0ms)
			ReleaseScriptingObjects (1ms)
			CreateAndSetChildDomain (123ms)
		EndReloadAssembly (8777ms)
			LoadAssemblies (388ms)
			RebuildTransferFunctionScriptingTraits (0ms)
			SetupTypeCache (2270ms)
			ReleaseScriptCaches (21ms)
			RebuildScriptCaches (411ms)
			SetupLoadedEditorAssemblies (5122ms)
				LogAssemblyErrors (0ms)
				InitializePlatformSupportModulesInManaged (38ms)
				SetLoadedEditorAssemblies (2ms)
				RefreshPlugins (2ms)
				BeforeProcessingInitializeOnLoad (762ms)
				ProcessInitializeOnLoadAttributes (4052ms)
				ProcessInitializeOnLoadMethodAttributes (259ms)
				AfterProcessingInitializeOnLoad (7ms)
				EditorAssembliesLoaded (1ms)
			ExecutionOrderSort2 (0ms)
			AwakeInstancesAfterBackupRestoration (16ms)
Platform modules already initialized, skipping
========================================================================
Worker process is ready to serve import requests
Launching external process: /Applications/Unity/Unity.app/Contents/Tools/UnityShaderCompiler
Launched and connected shader compiler UnityShaderCompiler after 0.12 seconds
Refreshing native plugins compatible for Editor in 2.05 ms, found 2 plugins.
Preloading 0 native plugins for Editor in 0.00 ms.
Unloading 3618 Unused Serialized files (Serialized files now loaded: 0)
Unloading 40 unused Assets / (171.4 KB). Loaded Objects now: 4111.
Memory consumption went from 357.3 MB to 357.2 MB.
Total: 29.626199 ms (FindLiveObjects: 1.045318 ms CreateObjectMapping: 0.532510 ms MarkObjects: 27.469306 ms  DeleteObjects: 0.577277 ms)

AssetImportParameters requested are different than current active one (requested -> active):
  custom:video-decoder-ogg-theora: a1e56fd34408186e4bbccfd4996cb3dc -> 
  custom:container-muxer-webm: aa71ff27fc2769a1b78a27578f13a17b -> 
  custom:container-demuxer-webm: 4f35f7cbe854078d1ac9338744f61a02 -> 
  custom:video-encoder-webm-vp8: eb34c28f22e8b96e1ab97ce403110664 -> 
  custom:framework-osx-AVFoundation: e770b220cccbd017edd2c1fefb359320 -> 
  custom:audio-encoder-webm-vorbis: bf7c407c2cedff20999df2af8eb42d56 -> 
  custom:container-demuxer-ogg: 62fdf1f143b41e24485cea50d1cbac27 -> 
  custom:video-decoder-webm-vp8: 9c59270c3fd7afecdb556c50c9e8de78 -> 
  custom:audio-decoder-ogg-vorbis: bf7c407c2cedff20999df2af8eb42d56 -> 
========================================================================
Received Import Request.
  Time since last request: 565482.635892 seconds.
  path: Assets/cemetery halloween set/Prefab/bush_01.prefab
  artifactKey: Guid(d083143e5ce002340b5a96b02dd521bd) Importer(815301076,1909f56bfc062723c751e8b465ee728b)
Start importing Assets/cemetery halloween set/Prefab/bush_01.prefab using Guid(d083143e5ce002340b5a96b02dd521bd) Importer(815301076,1909f56bfc062723c751e8b465ee728b)  -> (artifact id: '7492c4724188194beaac58fab3b89a0e') in 5.618873 seconds 
========================================================================
Received Import Request.
  Time since last request: 0.000155 seconds.
  path: Assets/cemetery halloween set/Prefab/zombie_hand_02.prefab
  artifactKey: Guid(b444d9556b15c084f81049623b2809c7) Importer(815301076,1909f56bfc062723c751e8b465ee728b)
Start importing Assets/cemetery halloween set/Prefab/zombie_hand_02.prefab using Guid(b444d9556b15c084f81049623b2809c7) Importer(815301076,1909f56bfc062723c751e8b465ee728b)  -> (artifact id: '4a0480ae1632b3163c054ee45772ddcd') in 0.076874 seconds 
========================================================================
Received Import Request.
  Time since last request: 0.009987 seconds.
  path: Assets/cemetery halloween set/Prefab/fence_tile_02.prefab
  artifactKey: Guid(e64b86d8d22a03844a23b030a9530f67) Importer(815301076,1909f56bfc062723c751e8b465ee728b)
Start importing Assets/cemetery halloween set/Prefab/fence_tile_02.prefab using Guid(e64b86d8d22a03844a23b030a9530f67) Importer(815301076,1909f56bfc062723c751e8b465ee728b)  -> (artifact id: '312ea9e2c4a2d7e9a87b790e348c64f1') in 0.053074 seconds 
========================================================================
Received Import Request.
  Time since last request: 0.000100 seconds.
  path: Assets/cemetery halloween set/Prefab/rock_09.prefab
  artifactKey: Guid(bca0a51a49d51e34e907a989aa481987) Importer(815301076,1909f56bfc062723c751e8b465ee728b)
Start importing Assets/cemetery halloween set/Prefab/rock_09.prefab using Guid(bca0a51a49d51e34e907a989aa481987) Importer(815301076,1909f56bfc062723c751e8b465ee728b)  -> (artifact id: '4eee7536ed083b498780a213e6542f20') in 0.063376 seconds 
========================================================================
Received Import Request.
  Time since last request: 0.001947 seconds.
  path: Assets/cemetery halloween set/Prefab/gravestone_10.prefab
  artifactKey: Guid(d3bd997e128c44941b87aabf13f6866b) Importer(815301076,1909f56bfc062723c751e8b465ee728b)
Start importing Assets/cemetery halloween set/Prefab/gravestone_10.prefab using Guid(d3bd997e128c44941b87aabf13f6866b) Importer(815301076,1909f56bfc062723c751e8b465ee728b)  -> (artifact id: '63e19de70ee30d304814f470640528b5') in 0.136026 seconds 
========================================================================
Received Import Request.
  Time since last request: 0.000234 seconds.
  path: Assets/cemetery halloween set/Prefab/zombie_hand_01.prefab
  artifactKey: Guid(347b062a472dc4f4fa9a4ac842f81c8b) Importer(815301076,1909f56bfc062723c751e8b465ee728b)
Start importing Assets/cemetery halloween set/Prefab/zombie_hand_01.prefab using Guid(347b062a472dc4f4fa9a4ac842f81c8b) Importer(815301076,1909f56bfc062723c751e8b465ee728b)  -> (artifact id: '100ac216b8ca25d77f3d4197d8feaf0c') in 0.090367 seconds 
========================================================================
Received Import Request.
  Time since last request: 0.010998 seconds.
  path: Assets/cemetery halloween set/Prefab/dead_tree_01.prefab
  artifactKey: Guid(9e18d1460d69de341b221e656258c7e0) Importer(815301076,1909f56bfc062723c751e8b465ee728b)
Start importing Assets/cemetery halloween set/Prefab/dead_tree_01.prefab using Guid(9e18d1460d69de341b221e656258c7e0) Importer(815301076,1909f56bfc062723c751e8b465ee728b)  -> (artifact id: 'cca3556cfc71f93334f2660318c5727a') in 0.097432 seconds 
========================================================================
Received Import Request.
  Time since last request: 0.002200 seconds.
  path: Assets/cemetery halloween set/Prefab/rock_13.prefab
  artifactKey: Guid(a468ad4cea8106146a8384818231c1dd) Importer(815301076,1909f56bfc062723c751e8b465ee728b)
Start importing Assets/cemetery halloween set/Prefab/rock_13.prefab using Guid(a468ad4cea8106146a8384818231c1dd) Importer(815301076,1909f56bfc062723c751e8b465ee728b)  -> (artifact id: 'dc83e24f5bb953c82cdcd15f0c0b85a9') in 0.168062 seconds 
========================================================================
Received Import Request.
  Time since last request: 0.010605 seconds.
  path: Assets/cemetery halloween set/Prefab/pumpkin_01.prefab
  artifactKey: Guid(5698f742ca2502047b86ffde9337a99c) Importer(815301076,1909f56bfc062723c751e8b465ee728b)
Start importing Assets/cemetery halloween set/Prefab/pumpkin_01.prefab using Guid(5698f742ca2502047b86ffde9337a99c) Importer(815301076,1909f56bfc062723c751e8b465ee728b)  -> (artifact id: '9a28b7e5113aab201cc2c63206d2d4c2') in 0.063811 seconds 
========================================================================
Received Import Request.
  Time since last request: 0.000101 seconds.
  path: Assets/cemetery halloween set/Prefab/rock_08.prefab
  artifactKey: Guid(81f6b33207cc7bb49ab7cf81866224a5) Importer(815301076,1909f56bfc062723c751e8b465ee728b)
Start importing Assets/cemetery halloween set/Prefab/rock_08.prefab using Guid(81f6b33207cc7bb49ab7cf81866224a5) Importer(815301076,1909f56bfc062723c751e8b465ee728b)  -> (artifact id: 'b9c64a58528d2b1b2934f8b3ded37f5f') in 0.082114 seconds 
========================================================================
Received Import Request.
  Time since last request: 0.000190 seconds.
  path: Assets/cemetery halloween set/Prefab/skull_02.prefab
  artifactKey: Guid(a473de80f8e6fc74d943abda9e7113b6) Importer(815301076,1909f56bfc062723c751e8b465ee728b)
Start importing Assets/cemetery halloween set/Prefab/skull_02.prefab using Guid(a473de80f8e6fc74d943abda9e7113b6) Importer(815301076,1909f56bfc062723c751e8b465ee728b)  -> (artifact id: 'd57be1e969d3f5eed2eee176670f70c3') in 0.061529 seconds 
========================================================================
Received Import Request.
  Time since last request: 0.005541 seconds.
  path: Assets/cemetery halloween set/Prefab/skull_06.prefab
  artifactKey: Guid(caeb93a3cb1520849b1a7a8b5cd5f57d) Importer(815301076,1909f56bfc062723c751e8b465ee728b)
Start importing Assets/cemetery halloween set/Prefab/skull_06.prefab using Guid(caeb93a3cb1520849b1a7a8b5cd5f57d) Importer(815301076,1909f56bfc062723c751e8b465ee728b)  -> (artifact id: 'd8fbb381a90f5e37497de06e93bbf612') in 0.080617 seconds 
========================================================================
Received Import Request.
  Time since last request: 0.000094 seconds.
  path: Assets/cemetery halloween set/Prefab/skull_08.prefab
  artifactKey: Guid(8744e4d5578da674aa6c9e8abb17200c) Importer(815301076,1909f56bfc062723c751e8b465ee728b)
Start importing Assets/cemetery halloween set/Prefab/skull_08.prefab using Guid(8744e4d5578da674aa6c9e8abb17200c) Importer(815301076,1909f56bfc062723c751e8b465ee728b)  -> (artifact id: '5ddac83cd3770de599ff27dc357f9b29') in 0.055970 seconds 
========================================================================
Received Import Request.
  Time since last request: 0.000519 seconds.
  path: Assets/cemetery halloween set/Prefab/hang_pumpkin_05.prefab
  artifactKey: Guid(842e2e77ac4011443816deca8e45400c) Importer(815301076,1909f56bfc062723c751e8b465ee728b)
Start importing Assets/cemetery halloween set/Prefab/hang_pumpkin_05.prefab using Guid(842e2e77ac4011443816deca8e45400c) Importer(815301076,1909f56bfc062723c751e8b465ee728b)  -> (artifact id: '73a541c0ae67aee62abac6ed680e5275') in 0.065854 seconds 
========================================================================
Received Import Request.
  Time since last request: 0.002625 seconds.
  path: Assets/cemetery halloween set/Prefab/Tree02_BG.prefab
  artifactKey: Guid(f9ee4e5a59a6cd446b93f6b6fc9160e0) Importer(815301076,1909f56bfc062723c751e8b465ee728b)
Start importing Assets/cemetery halloween set/Prefab/Tree02_BG.prefab using Guid(f9ee4e5a59a6cd446b93f6b6fc9160e0) Importer(815301076,1909f56bfc062723c751e8b465ee728b)  -> (artifact id: 'a42ed97e714d51d39a120653d7a7d54f') in 0.062969 seconds 
========================================================================
Received Import Request.
  Time since last request: 0.000644 seconds.
  path: Assets/cemetery halloween set/Prefab/rock_05.prefab
  artifactKey: Guid(83ecf306b2d49354b9f7c6541ffe32dc) Importer(815301076,1909f56bfc062723c751e8b465ee728b)
Start importing Assets/cemetery halloween set/Prefab/rock_05.prefab using Guid(83ecf306b2d49354b9f7c6541ffe32dc) Importer(815301076,1909f56bfc062723c751e8b465ee728b)  -> (artifact id: 'c668f11821def871da320e0384c6d569') in 0.045442 seconds 
========================================================================
Received Import Request.
  Time since last request: 0.000156 seconds.
  path: Assets/cemetery halloween set/Prefab/zombie_hand_03.prefab
  artifactKey: Guid(dd1a843803920304d8816d640609bc7c) Importer(815301076,1909f56bfc062723c751e8b465ee728b)
Start importing Assets/cemetery halloween set/Prefab/zombie_hand_03.prefab using Guid(dd1a843803920304d8816d640609bc7c) Importer(815301076,1909f56bfc062723c751e8b465ee728b)  -> (artifact id: 'c99f0b5ae60b5ab48cdafb40d83edb22') in 0.066772 seconds 
========================================================================
Received Import Request.
  Time since last request: 0.000241 seconds.
  path: Assets/cemetery halloween set/Prefab/fence_pillar_01.prefab
  artifactKey: Guid(4a7bdb1844d70e74cb49786452e74f1d) Importer(815301076,1909f56bfc062723c751e8b465ee728b)
Start importing Assets/cemetery halloween set/Prefab/fence_pillar_01.prefab using Guid(4a7bdb1844d70e74cb49786452e74f1d) Importer(815301076,1909f56bfc062723c751e8b465ee728b)  -> (artifact id: 'ee0cdbed9b8d3028781a21d40147802b') in 0.074430 seconds 
========================================================================
Received Import Request.
  Time since last request: 0.000275 seconds.
  path: Assets/cemetery halloween set/Prefab/fence_pillar_04.prefab
  artifactKey: Guid(1a039573d41de564c82233cf91d21eaf) Importer(815301076,1909f56bfc062723c751e8b465ee728b)
Start importing Assets/cemetery halloween set/Prefab/fence_pillar_04.prefab using Guid(1a039573d41de564c82233cf91d21eaf) Importer(815301076,1909f56bfc062723c751e8b465ee728b)  -> (artifact id: 'cf440e1ff3acf4712ba9394bfb660bd8') in 0.076465 seconds 
========================================================================
Received Import Request.
  Time since last request: 0.001189 seconds.
  path: Assets/cemetery halloween set/Prefab/zombie_hand_04.prefab
  artifactKey: Guid(0e9b6d3b0a23e874a8a20c5184502f87) Importer(815301076,1909f56bfc062723c751e8b465ee728b)
Start importing Assets/cemetery halloween set/Prefab/zombie_hand_04.prefab using Guid(0e9b6d3b0a23e874a8a20c5184502f87) Importer(815301076,1909f56bfc062723c751e8b465ee728b)  -> (artifact id: '32ecea41ec108c8f2df10340f66fce1a') in 0.061513 seconds 
========================================================================
Received Import Request.
  Time since last request: 0.003315 seconds.
  path: Assets/cemetery halloween set/Prefab/pumpkin_12.prefab
  artifactKey: Guid(a70bcc3108bfb3943bc6b88a5b8125d9) Importer(815301076,1909f56bfc062723c751e8b465ee728b)
Start importing Assets/cemetery halloween set/Prefab/pumpkin_12.prefab using Guid(a70bcc3108bfb3943bc6b88a5b8125d9) Importer(815301076,1909f56bfc062723c751e8b465ee728b)  -> (artifact id: 'c2074ca7564de1f13e56cae160e7fcef') in 0.063494 seconds 
========================================================================
Received Import Request.
  Time since last request: 0.002887 seconds.
  path: Assets/cemetery halloween set/Prefab/rock_07.prefab
  artifactKey: Guid(96a955c63b2e1954796ff8d3cfb2cf39) Importer(815301076,1909f56bfc062723c751e8b465ee728b)
Start importing Assets/cemetery halloween set/Prefab/rock_07.prefab using Guid(96a955c63b2e1954796ff8d3cfb2cf39) Importer(815301076,1909f56bfc062723c751e8b465ee728b)  -> (artifact id: '8e99dcb5c4f9f361069832cf05198539') in 0.058939 seconds 
========================================================================
Received Import Request.
  Time since last request: 0.001359 seconds.
  path: Assets/cemetery halloween set/Prefab/pumpkin_11.prefab
  artifactKey: Guid(098fc4f9c342d1b4d9c9d51d4c0acdf9) Importer(815301076,1909f56bfc062723c751e8b465ee728b)
Start importing Assets/cemetery halloween set/Prefab/pumpkin_11.prefab using Guid(098fc4f9c342d1b4d9c9d51d4c0acdf9) Importer(815301076,1909f56bfc062723c751e8b465ee728b)  -> (artifact id: '789d3c26eae6937345dc2abf5598d95f') in 0.075989 seconds 
========================================================================
Received Import Request.
  Time since last request: 0.000099 seconds.
  path: Assets/cemetery halloween set/Prefab/fence_tile_03.prefab
  artifactKey: Guid(1a935fa61d7ee07459af217cce0bb217) Importer(815301076,1909f56bfc062723c751e8b465ee728b)
Start importing Assets/cemetery halloween set/Prefab/fence_tile_03.prefab using Guid(1a935fa61d7ee07459af217cce0bb217) Importer(815301076,1909f56bfc062723c751e8b465ee728b)  -> (artifact id: '596b8f36132e7f301016eb4463753c97') in 0.099743 seconds 
========================================================================
Received Import Request.
  Time since last request: 0.005293 seconds.
  path: Assets/cemetery halloween set/Prefab/fence_tile_05.prefab
  artifactKey: Guid(af50065cf67981e4aa640f559cdba263) Importer(815301076,1909f56bfc062723c751e8b465ee728b)
Start importing Assets/cemetery halloween set/Prefab/fence_tile_05.prefab using Guid(af50065cf67981e4aa640f559cdba263) Importer(815301076,1909f56bfc062723c751e8b465ee728b)  -> (artifact id: '80cfc655a6003b874b0948518231d3b8') in 0.059364 seconds 
========================================================================
Received Import Request.
  Time since last request: 0.010064 seconds.
  path: Assets/cemetery halloween set/Prefab/hang_pumpkin_04.prefab
  artifactKey: Guid(17f938bd0b741b648bc90b68ab21d41a) Importer(815301076,1909f56bfc062723c751e8b465ee728b)
Start importing Assets/cemetery halloween set/Prefab/hang_pumpkin_04.prefab using Guid(17f938bd0b741b648bc90b68ab21d41a) Importer(815301076,1909f56bfc062723c751e8b465ee728b)  -> (artifact id: '0d6b3165d49b0e62fa73c5b8a07e0e5d') in 0.121677 seconds 
========================================================================
Received Import Request.
  Time since last request: 0.002774 seconds.
  path: Assets/cemetery halloween set/Prefab/bush_03.prefab
  artifactKey: Guid(37898355f3308664e8a88f210fe2ca29) Importer(815301076,1909f56bfc062723c751e8b465ee728b)
Start importing Assets/cemetery halloween set/Prefab/bush_03.prefab using Guid(37898355f3308664e8a88f210fe2ca29) Importer(815301076,1909f56bfc062723c751e8b465ee728b)  -> (artifact id: '911c19575d9b02f66c8f1dbe2bfaf725') in 0.059212 seconds 
========================================================================
Received Import Request.
  Time since last request: 0.000088 seconds.
  path: Assets/cemetery halloween set/Prefab/gravestone_03.prefab
  artifactKey: Guid(aed5aa50d2da06a4d989ad965417c5e2) Importer(815301076,1909f56bfc062723c751e8b465ee728b)
Start importing Assets/cemetery halloween set/Prefab/gravestone_03.prefab using Guid(aed5aa50d2da06a4d989ad965417c5e2) Importer(815301076,1909f56bfc062723c751e8b465ee728b)  -> (artifact id: 'f8415f8000e9f96a083399667efcb243') in 0.081302 seconds 
========================================================================
Received Import Request.
  Time since last request: 0.008806 seconds.
  path: Assets/cemetery halloween set/Prefab/spokebone_02.prefab
  artifactKey: Guid(3b8a8d4f185bf754992507a3347879da) Importer(815301076,1909f56bfc062723c751e8b465ee728b)
Start importing Assets/cemetery halloween set/Prefab/spokebone_02.prefab using Guid(3b8a8d4f185bf754992507a3347879da) Importer(815301076,1909f56bfc062723c751e8b465ee728b)  -> (artifact id: 'f9ed5b3af30ef4b950a85e93d283828c') in 0.067483 seconds 
========================================================================
Received Import Request.
  Time since last request: 0.000085 seconds.
  path: Assets/cemetery halloween set/Prefab/spokebone_01.prefab
  artifactKey: Guid(26a39a9e4e508834e920296ec8d2badf) Importer(815301076,1909f56bfc062723c751e8b465ee728b)
Start importing Assets/cemetery halloween set/Prefab/spokebone_01.prefab using Guid(26a39a9e4e508834e920296ec8d2badf) Importer(815301076,1909f56bfc062723c751e8b465ee728b)  -> (artifact id: '1f6aae40946494770b857eb8356d7a89') in 0.088250 seconds 
========================================================================
Received Import Request.
  Time since last request: 0.000120 seconds.
  path: Assets/cemetery halloween set/Prefab/sample_scene.prefab
  artifactKey: Guid(9128fac7ecb9c4b4085275bbf85879ee) Importer(815301076,1909f56bfc062723c751e8b465ee728b)
Start importing Assets/cemetery halloween set/Prefab/sample_scene.prefab using Guid(9128fac7ecb9c4b4085275bbf85879ee) Importer(815301076,1909f56bfc062723c751e8b465ee728b)  -> (artifact id: 'cd6f6c1db1fada424ffe35b0ef901c2b') in 0.183320 seconds 
========================================================================
Received Import Request.
  Time since last request: 0.001844 seconds.
  path: Assets/cemetery halloween set/Prefab/skull_01.prefab
  artifactKey: Guid(104642415d9f7ec4f87f421fafd14dde) Importer(815301076,1909f56bfc062723c751e8b465ee728b)
Start importing Assets/cemetery halloween set/Prefab/skull_01.prefab using Guid(104642415d9f7ec4f87f421fafd14dde) Importer(815301076,1909f56bfc062723c751e8b465ee728b)  -> (artifact id: 'e418a52717891d48a36f57e58764154f') in 0.082109 seconds 
========================================================================
Received Import Request.
  Time since last request: 0.000084 seconds.
  path: Assets/cemetery halloween set/Prefab/lava_dead_tree_05.prefab
  artifactKey: Guid(a9845ec07c122574bb304ab34975e1c7) Importer(815301076,1909f56bfc062723c751e8b465ee728b)
Start importing Assets/cemetery halloween set/Prefab/lava_dead_tree_05.prefab using Guid(a9845ec07c122574bb304ab34975e1c7) Importer(815301076,1909f56bfc062723c751e8b465ee728b)  -> (artifact id: '75bcbff62555fe661c85b956b531847c') in 0.065677 seconds 
========================================================================
Received Import Request.
  Time since last request: 0.003445 seconds.
  path: Assets/cemetery halloween set/Prefab/pumpkin_06.prefab
  artifactKey: Guid(112cc90af5a3b694986a98ac6af800fc) Importer(815301076,1909f56bfc062723c751e8b465ee728b)
Start importing Assets/cemetery halloween set/Prefab/pumpkin_06.prefab using Guid(112cc90af5a3b694986a98ac6af800fc) Importer(815301076,1909f56bfc062723c751e8b465ee728b)  -> (artifact id: '085ab7414b08624c090d0215033cc336') in 0.066593 seconds 
========================================================================
Received Import Request.
  Time since last request: 0.000108 seconds.
  path: Assets/cemetery halloween set/Prefab/zombie_hand_06.prefab
  artifactKey: Guid(2f2887b4831288a4d84dcb977f270765) Importer(815301076,1909f56bfc062723c751e8b465ee728b)
Start importing Assets/cemetery halloween set/Prefab/zombie_hand_06.prefab using Guid(2f2887b4831288a4d84dcb977f270765) Importer(815301076,1909f56bfc062723c751e8b465ee728b)  -> (artifact id: '7046883195eeca9a16625d0f9da27637') in 0.062556 seconds 
========================================================================
Received Import Request.
  Time since last request: 0.010131 seconds.
  path: Assets/cemetery halloween set/Prefab/lava_dead_tree_04.prefab
  artifactKey: Guid(c9db9d90aba03fe468f68c0c7f75c4d2) Importer(815301076,1909f56bfc062723c751e8b465ee728b)
Start importing Assets/cemetery halloween set/Prefab/lava_dead_tree_04.prefab using Guid(c9db9d90aba03fe468f68c0c7f75c4d2) Importer(815301076,1909f56bfc062723c751e8b465ee728b)  -> (artifact id: 'aa5c1d7c1f8a88e4c8c3123fea5f0212') in 0.058807 seconds 
========================================================================
Received Import Request.
  Time since last request: 0.000088 seconds.
  path: Assets/cemetery halloween set/Prefab/dead_tree_04.prefab
  artifactKey: Guid(04251ac4cc9ef904e9b00646dd3b4bae) Importer(815301076,1909f56bfc062723c751e8b465ee728b)
Start importing Assets/cemetery halloween set/Prefab/dead_tree_04.prefab using Guid(04251ac4cc9ef904e9b00646dd3b4bae) Importer(815301076,1909f56bfc062723c751e8b465ee728b)  -> (artifact id: '3c9698c4694eb92093346d47be306484') in 0.057487 seconds 
========================================================================
Received Import Request.
  Time since last request: 0.002117 seconds.
  path: Assets/cemetery halloween set/Prefab/fence_pillar_02.prefab
  artifactKey: Guid(c359d8121ce290d4fa23fd147d65a3e3) Importer(815301076,1909f56bfc062723c751e8b465ee728b)
Start importing Assets/cemetery halloween set/Prefab/fence_pillar_02.prefab using Guid(c359d8121ce290d4fa23fd147d65a3e3) Importer(815301076,1909f56bfc062723c751e8b465ee728b)  -> (artifact id: '3ed49cf543881787d0dcfdb7659910ef') in 0.055038 seconds 
========================================================================
Received Import Request.
  Time since last request: 0.000097 seconds.
  path: Assets/cemetery halloween set/Prefab/gravestone_09.prefab
  artifactKey: Guid(00474b18ee4c2b645aef1d1232934c53) Importer(815301076,1909f56bfc062723c751e8b465ee728b)
Start importing Assets/cemetery halloween set/Prefab/gravestone_09.prefab using Guid(00474b18ee4c2b645aef1d1232934c53) Importer(815301076,1909f56bfc062723c751e8b465ee728b)  -> (artifact id: 'a56ef5193af1534be994c8d76bfefab3') in 0.079335 seconds 
========================================================================
Received Import Request.
  Time since last request: 0.000128 seconds.
  path: Assets/cemetery halloween set/Prefab/dead_tree_06.prefab
  artifactKey: Guid(94950aa7f0f9d274690502dd49b95930) Importer(815301076,1909f56bfc062723c751e8b465ee728b)
Start importing Assets/cemetery halloween set/Prefab/dead_tree_06.prefab using Guid(94950aa7f0f9d274690502dd49b95930) Importer(815301076,1909f56bfc062723c751e8b465ee728b)  -> (artifact id: 'b4a9fc81b4f6d8d7d4e25179597d4a6f') in 0.060704 seconds 
========================================================================
Received Import Request.
  Time since last request: 0.000366 seconds.
  path: Assets/cemetery halloween set/Prefab/pumpkin_03.prefab
  artifactKey: Guid(ebf119885166b7440b072472d5fbeecd) Importer(815301076,1909f56bfc062723c751e8b465ee728b)
Start importing Assets/cemetery halloween set/Prefab/pumpkin_03.prefab using Guid(ebf119885166b7440b072472d5fbeecd) Importer(815301076,1909f56bfc062723c751e8b465ee728b)  -> (artifact id: 'e493dc9e72329532079d01182addeebe') in 0.058805 seconds 
========================================================================
Received Import Request.
  Time since last request: 0.000088 seconds.
  path: Assets/cemetery halloween set/Prefab/gravestone_06.prefab
  artifactKey: Guid(a71b38bbeb8013a4f82cdab66289cc16) Importer(815301076,1909f56bfc062723c751e8b465ee728b)
Start importing Assets/cemetery halloween set/Prefab/gravestone_06.prefab using Guid(a71b38bbeb8013a4f82cdab66289cc16) Importer(815301076,1909f56bfc062723c751e8b465ee728b)  -> (artifact id: '7013e8d46cd926408a92df11b261dfca') in 0.078827 seconds 
========================================================================
Received Import Request.
  Time since last request: 0.000216 seconds.
  path: Assets/cemetery halloween set/Prefab/zombie_hand_08.prefab
  artifactKey: Guid(5a1431cb1a2a1454986e38f431f012e0) Importer(815301076,1909f56bfc062723c751e8b465ee728b)
Start importing Assets/cemetery halloween set/Prefab/zombie_hand_08.prefab using Guid(5a1431cb1a2a1454986e38f431f012e0) Importer(815301076,1909f56bfc062723c751e8b465ee728b)  -> (artifact id: '75448ef4add10a26998e1c0c5a0e7667') in 0.055402 seconds 
========================================================================
Received Import Request.
  Time since last request: 0.002417 seconds.
  path: Assets/cemetery halloween set/Prefab/hang_pumpkin_01.prefab
  artifactKey: Guid(665d6ab27366b2b4e99a5ccc4523af9e) Importer(815301076,1909f56bfc062723c751e8b465ee728b)
Start importing Assets/cemetery halloween set/Prefab/hang_pumpkin_01.prefab using Guid(665d6ab27366b2b4e99a5ccc4523af9e) Importer(815301076,1909f56bfc062723c751e8b465ee728b)  -> (artifact id: '474b121212e4ef6ea192fcdef54d8650') in 0.062927 seconds 
========================================================================
Received Import Request.
  Time since last request: 0.000981 seconds.
  path: Assets/cemetery halloween set/Prefab/gravestone_01.prefab
  artifactKey: Guid(62c53ccdf1ee5404bb1356b626706342) Importer(815301076,1909f56bfc062723c751e8b465ee728b)
Start importing Assets/cemetery halloween set/Prefab/gravestone_01.prefab using Guid(62c53ccdf1ee5404bb1356b626706342) Importer(815301076,1909f56bfc062723c751e8b465ee728b)  -> (artifact id: '3407acca6481668d401553a8579f60ad') in 0.076034 seconds 
========================================================================
Received Import Request.
  Time since last request: 0.000130 seconds.
  path: Assets/cemetery halloween set/Prefab/skull_03.prefab
  artifactKey: Guid(43d344359843f7b4fa1dd5731984d3e2) Importer(815301076,1909f56bfc062723c751e8b465ee728b)
Start importing Assets/cemetery halloween set/Prefab/skull_03.prefab using Guid(43d344359843f7b4fa1dd5731984d3e2) Importer(815301076,1909f56bfc062723c751e8b465ee728b)  -> (artifact id: '0090dd201c6714419042e0e7d115360c') in 0.072034 seconds 
========================================================================
Received Import Request.
  Time since last request: 0.000891 seconds.
  path: Assets/cemetery halloween set/Prefab/spiderweb_02.prefab
  artifactKey: Guid(3e660194188b9ac448f45d41ab7bbf30) Importer(815301076,1909f56bfc062723c751e8b465ee728b)
Start importing Assets/cemetery halloween set/Prefab/spiderweb_02.prefab using Guid(3e660194188b9ac448f45d41ab7bbf30) Importer(815301076,1909f56bfc062723c751e8b465ee728b)  -> (artifact id: '1b44ebabf313ce2e7ef85d62723e6200') in 0.066616 seconds 
========================================================================
Received Import Request.
  Time since last request: 0.000687 seconds.
  path: Assets/cemetery halloween set/Prefab/zombie_hand_09.prefab
  artifactKey: Guid(672812a63609013408fea04c1f81d01f) Importer(815301076,1909f56bfc062723c751e8b465ee728b)
Start importing Assets/cemetery halloween set/Prefab/zombie_hand_09.prefab using Guid(672812a63609013408fea04c1f81d01f) Importer(815301076,1909f56bfc062723c751e8b465ee728b)  -> (artifact id: 'f8c27e8959f2e290f1409032fee01890') in 0.065072 seconds 
========================================================================
Received Import Request.
  Time since last request: 0.084576 seconds.
  path: Assets/cemetery halloween set/textures/cemetery_halloween_atlas.tga
  artifactKey: Guid(533f20d1d25eb984888f7a6157753055) Importer(815301076,1909f56bfc062723c751e8b465ee728b)
Start importing Assets/cemetery halloween set/textures/cemetery_halloween_atlas.tga using Guid(533f20d1d25eb984888f7a6157753055) Importer(815301076,1909f56bfc062723c751e8b465ee728b)  -> (artifact id: 'f01f80c543102b45a5f4146fb98ece7d') in 3.948301 seconds 
========================================================================
Received Import Request.
  Time since last request: 0.000087 seconds.
  path: Assets/cemetery halloween set/textures/floor_12.mat
  artifactKey: Guid(4558ef7bc514bdd4ea536e66c2cbdc70) Importer(815301076,1909f56bfc062723c751e8b465ee728b)
Start importing Assets/cemetery halloween set/textures/floor_12.mat using Guid(4558ef7bc514bdd4ea536e66c2cbdc70) Importer(815301076,1909f56bfc062723c751e8b465ee728b)  -> (artifact id: 'ad48961d4c4375cdd9337aa93c579701') in 1.341626 seconds 
========================================================================
Received Import Request.
  Time since last request: 0.000125 seconds.
  path: Assets/cemetery halloween set/mobile_models/mobile_gravestone_01.fbx
  artifactKey: Guid(46d5e9438ba35164b9256f46a8c9d379) Importer(815301076,1909f56bfc062723c751e8b465ee728b)
Start importing Assets/cemetery halloween set/mobile_models/mobile_gravestone_01.fbx using Guid(46d5e9438ba35164b9256f46a8c9d379) Importer(815301076,1909f56bfc062723c751e8b465ee728b)  -> (artifact id: 'd59e605e2f26715061933f0f0a0307eb') in 1.049102 seconds 
========================================================================
Received Import Request.
  Time since last request: 0.000105 seconds.
  path: Assets/cemetery halloween set/models/fence_tile_03.fbx
  artifactKey: Guid(3a59d304685b7be4eaa9906e1ea91b48) Importer(815301076,1909f56bfc062723c751e8b465ee728b)
Start importing Assets/cemetery halloween set/models/fence_tile_03.fbx using Guid(3a59d304685b7be4eaa9906e1ea91b48) Importer(815301076,1909f56bfc062723c751e8b465ee728b)  -> (artifact id: '1eb7c28cbd8a85b8ae6f3d9a53e2fb00') in 0.440709 seconds 
========================================================================
Received Import Request.
  Time since last request: 0.000433 seconds.
  path: Assets/cemetery halloween set/models/dead_tree_06.FBX
  artifactKey: Guid(8a379897544d01b47a00a9dce9ffbce2) Importer(815301076,1909f56bfc062723c751e8b465ee728b)
Start importing Assets/cemetery halloween set/models/dead_tree_06.FBX using Guid(8a379897544d01b47a00a9dce9ffbce2) Importer(815301076,1909f56bfc062723c751e8b465ee728b)  -> (artifact id: 'e1659e051c330babc714e180274e08c0') in 0.632842 seconds 
========================================================================
Received Import Request.
  Time since last request: 0.001212 seconds.
  path: Assets/cemetery halloween set/models/dead_tree_02.FBX
  artifactKey: Guid(0ba9a6b9c80107a4dafb3a3067123c79) Importer(815301076,1909f56bfc062723c751e8b465ee728b)
Start importing Assets/cemetery halloween set/models/dead_tree_02.FBX using Guid(0ba9a6b9c80107a4dafb3a3067123c79) Importer(815301076,1909f56bfc062723c751e8b465ee728b)  -> (artifact id: '7670f62ef7dc33cd3849a554961ed242') in 0.143113 seconds 
========================================================================
Received Import Request.
  Time since last request: 0.000235 seconds.
  path: Assets/cemetery halloween set/models/gravestone_04.fbx
  artifactKey: Guid(0c6a1b709e81ef54297ce22bcaca285d) Importer(815301076,1909f56bfc062723c751e8b465ee728b)
Start importing Assets/cemetery halloween set/models/gravestone_04.fbx using Guid(0c6a1b709e81ef54297ce22bcaca285d) Importer(815301076,1909f56bfc062723c751e8b465ee728b)  -> (artifact id: '1eaab7bd1399e075e0a1a8a9f9b05c05') in 0.066054 seconds 
========================================================================
Received Import Request.
  Time since last request: 0.000103 seconds.
  path: Assets/cemetery halloween set/mobile_models/mobile_gravestone_07.fbx
  artifactKey: Guid(64e7a94e095e38748a7e17b50765f053) Importer(815301076,1909f56bfc062723c751e8b465ee728b)
Start importing Assets/cemetery halloween set/mobile_models/mobile_gravestone_07.fbx using Guid(64e7a94e095e38748a7e17b50765f053) Importer(815301076,1909f56bfc062723c751e8b465ee728b)  -> (artifact id: 'bb839cd8127529a9ee905fe49444a649') in 0.072353 seconds 
========================================================================
Received Import Request.
  Time since last request: 0.013645 seconds.
  path: Assets/cemetery halloween set/mobile_models/fence_tile_03.fbx
  artifactKey: Guid(6d16e2ba75630484c935450f48beda0c) Importer(815301076,1909f56bfc062723c751e8b465ee728b)
Start importing Assets/cemetery halloween set/mobile_models/fence_tile_03.fbx using Guid(6d16e2ba75630484c935450f48beda0c) Importer(815301076,1909f56bfc062723c751e8b465ee728b)  -> (artifact id: 'fc23294af5f303d0564babc4c86c3132') in 0.073882 seconds 
========================================================================
Received Import Request.
  Time since last request: 0.000185 seconds.
  path: Assets/cemetery halloween set/mobile_models/mobile_gravestone_06.fbx
  artifactKey: Guid(38e7bdc8d303f2d4ab95a2c46603efdb) Importer(815301076,1909f56bfc062723c751e8b465ee728b)
Start importing Assets/cemetery halloween set/mobile_models/mobile_gravestone_06.fbx using Guid(38e7bdc8d303f2d4ab95a2c46603efdb) Importer(815301076,1909f56bfc062723c751e8b465ee728b)  -> (artifact id: 'b3d477686167375991db9b59731830db') in 0.094584 seconds 
========================================================================
Received Import Request.
  Time since last request: 0.000075 seconds.
  path: Assets/cemetery halloween set/Prefab_mobile/mobile_hang_pumpkin_01.prefab
  artifactKey: Guid(a5bf6d625adc50048825d29a1aa4fa94) Importer(815301076,1909f56bfc062723c751e8b465ee728b)
Start importing Assets/cemetery halloween set/Prefab_mobile/mobile_hang_pumpkin_01.prefab using Guid(a5bf6d625adc50048825d29a1aa4fa94) Importer(815301076,1909f56bfc062723c751e8b465ee728b)  -> (artifact id: '42ee2e9dc874abc0a0c846dd453604de') in 0.121956 seconds 
========================================================================
Received Import Request.
  Time since last request: 0.000246 seconds.
  path: Assets/cemetery halloween set/models/fence_pillar_01.fbx
  artifactKey: Guid(fda92cc783efd474a9010817ac54944f) Importer(815301076,1909f56bfc062723c751e8b465ee728b)
Start importing Assets/cemetery halloween set/models/fence_pillar_01.fbx using Guid(fda92cc783efd474a9010817ac54944f) Importer(815301076,1909f56bfc062723c751e8b465ee728b)  -> (artifact id: '02defce69d3a0ed48b2fc0a8fcb1e82e') in 0.069687 seconds 
========================================================================
Received Import Request.
  Time since last request: 0.001217 seconds.
  path: Assets/cemetery halloween set/Prefab_mobile/mobile_gravestone_08.prefab
  artifactKey: Guid(8cbaaa1c70aa83240a3aa22dc354de05) Importer(815301076,1909f56bfc062723c751e8b465ee728b)
Start importing Assets/cemetery halloween set/Prefab_mobile/mobile_gravestone_08.prefab using Guid(8cbaaa1c70aa83240a3aa22dc354de05) Importer(815301076,1909f56bfc062723c751e8b465ee728b)  -> (artifact id: '3223ca35492a0f40f122e5f9e4a2170f') in 0.064155 seconds 
========================================================================
Received Import Request.
  Time since last request: 0.000425 seconds.
  path: Assets/cemetery halloween set/Prefab_mobile/fence_tile_01.prefab
  artifactKey: Guid(06aeb7e39519e2e4c92d3c1ed2d4a011) Importer(815301076,1909f56bfc062723c751e8b465ee728b)
Start importing Assets/cemetery halloween set/Prefab_mobile/fence_tile_01.prefab using Guid(06aeb7e39519e2e4c92d3c1ed2d4a011) Importer(815301076,1909f56bfc062723c751e8b465ee728b)  -> (artifact id: '4da46767ba1790df29d7ddc3a59b3d14') in 0.079357 seconds 
========================================================================
Received Import Request.
  Time since last request: 0.000110 seconds.
  path: Assets/cemetery halloween set/mobile_models/fence_pillar_01.fbx
  artifactKey: Guid(8e9ec22f736431c4488e2b46461d3a60) Importer(815301076,1909f56bfc062723c751e8b465ee728b)
Start importing Assets/cemetery halloween set/mobile_models/fence_pillar_01.fbx using Guid(8e9ec22f736431c4488e2b46461d3a60) Importer(815301076,1909f56bfc062723c751e8b465ee728b)  -> (artifact id: 'b929f67e13a6536a576cdf30adb23ef4') in 0.146783 seconds 
========================================================================
Received Import Request.
  Time since last request: 0.000231 seconds.
  path: Assets/cemetery halloween set/Demo/Materials/demo_scene_floor.mat
  artifactKey: Guid(a2dbc36369df2344ca6f2821af7d11b1) Importer(815301076,1909f56bfc062723c751e8b465ee728b)
Start importing Assets/cemetery halloween set/Demo/Materials/demo_scene_floor.mat using Guid(a2dbc36369df2344ca6f2821af7d11b1) Importer(815301076,1909f56bfc062723c751e8b465ee728b)  -> (artifact id: '39a19298f946cca05776e222f9abc068') in 0.071421 seconds 
========================================================================
Received Import Request.
  Time since last request: 0.000086 seconds.
  path: Assets/cemetery halloween set/Demo/Materials/cemetery_halloween_atlas.mat
  artifactKey: Guid(b7216991a8c6f3e4296da80304cda7dc) Importer(815301076,1909f56bfc062723c751e8b465ee728b)
Start importing Assets/cemetery halloween set/Demo/Materials/cemetery_halloween_atlas.mat using Guid(b7216991a8c6f3e4296da80304cda7dc) Importer(815301076,1909f56bfc062723c751e8b465ee728b)  -> (artifact id: '8265ce1dcd9b69095e3a24c669b6db1e') in 0.070833 seconds 
========================================================================
Received Import Request.
  Time since last request: 0.000152 seconds.
  path: Assets/cemetery halloween set/Demo/sample_scene/Lightmap-0_comp_light.exr
  artifactKey: Guid(459d909d29a9b164fb92646c32f2eaff) Importer(815301076,1909f56bfc062723c751e8b465ee728b)
Start importing Assets/cemetery halloween set/Demo/sample_scene/Lightmap-0_comp_light.exr using Guid(459d909d29a9b164fb92646c32f2eaff) Importer(815301076,1909f56bfc062723c751e8b465ee728b)  -> (artifact id: '6ebc5c38cd97ebdd591aeb61870d0bf7') in 2.937076 seconds 
========================================================================
Received Import Request.
  Time since last request: 0.000089 seconds.
  path: Assets/cemetery halloween set/textures/Tree_BG.tga
  artifactKey: Guid(c38f3381ec0c2fe46b5e5c3656df0353) Importer(815301076,1909f56bfc062723c751e8b465ee728b)
Start importing Assets/cemetery halloween set/textures/Tree_BG.tga using Guid(c38f3381ec0c2fe46b5e5c3656df0353) Importer(815301076,1909f56bfc062723c751e8b465ee728b)  -> (artifact id: '34050d1956b942087b098a8bac7177e2') in 0.031482 seconds 
========================================================================
Received Import Request.
  Time since last request: 0.000165 seconds.
  path: Assets/cemetery halloween set/Prefab_mobile/mobile_bush_03.prefab
  artifactKey: Guid(855a67a22b5e3c64bb7bc6ba64263f37) Importer(815301076,1909f56bfc062723c751e8b465ee728b)
Start importing Assets/cemetery halloween set/Prefab_mobile/mobile_bush_03.prefab using Guid(855a67a22b5e3c64bb7bc6ba64263f37) Importer(815301076,1909f56bfc062723c751e8b465ee728b)  -> (artifact id: 'dbd2c64f413c7bc217be2a80b1366f83') in 0.049418 seconds 
========================================================================
Received Import Request.
  Time since last request: 0.000092 seconds.
  path: Assets/cemetery halloween set/Prefab_mobile/fence_tile_03.prefab
  artifactKey: Guid(b7efced809eecb647824f360edb01784) Importer(815301076,1909f56bfc062723c751e8b465ee728b)
Start importing Assets/cemetery halloween set/Prefab_mobile/fence_tile_03.prefab using Guid(b7efced809eecb647824f360edb01784) Importer(815301076,1909f56bfc062723c751e8b465ee728b)  -> (artifact id: 'f1f743fe8311b20a69b7c17e5f75a95e') in 0.059496 seconds 
========================================================================
Received Import Request.
  Time since last request: 0.000087 seconds.
  path: Assets/cemetery halloween set/mobile_models/gate_01.FBX
  artifactKey: Guid(df3df5091705e5946848e74e9666762f) Importer(815301076,1909f56bfc062723c751e8b465ee728b)
Start importing Assets/cemetery halloween set/mobile_models/gate_01.FBX using Guid(df3df5091705e5946848e74e9666762f) Importer(815301076,1909f56bfc062723c751e8b465ee728b)  -> (artifact id: '2e5bf3a3d3784db9600ac8a22d561783') in 0.110680 seconds 
========================================================================
Received Import Request.
  Time since last request: 0.000096 seconds.
  path: Assets/cemetery halloween set/mobile_models/fence_tile_02.fbx
  artifactKey: Guid(868f249a4aef0304688e04126dbf3949) Importer(815301076,1909f56bfc062723c751e8b465ee728b)
Start importing Assets/cemetery halloween set/mobile_models/fence_tile_02.fbx using Guid(868f249a4aef0304688e04126dbf3949) Importer(815301076,1909f56bfc062723c751e8b465ee728b)  -> (artifact id: '58f03f58f59eca8082ba5f8531109e69') in 0.076961 seconds 
========================================================================
Received Import Request.
  Time since last request: 0.000088 seconds.
  path: Assets/cemetery halloween set/Demo/sample_scene/SkyboxProbe-0.exr
  artifactKey: Guid(703f68258d59e724e868603b01179c39) Importer(815301076,1909f56bfc062723c751e8b465ee728b)
Start importing Assets/cemetery halloween set/Demo/sample_scene/SkyboxProbe-0.exr using Guid(703f68258d59e724e868603b01179c39) Importer(815301076,1909f56bfc062723c751e8b465ee728b)  -> (artifact id: 'f06640eabb49fc8a101db4719ff99fc4') in 0.046646 seconds 
========================================================================
Received Import Request.
  Time since last request: 0.000080 seconds.
  path: Assets/cemetery halloween set/models/dead_tree_04.FBX
  artifactKey: Guid(3377073e3e89c874cb513eee713eff89) Importer(815301076,1909f56bfc062723c751e8b465ee728b)
Start importing Assets/cemetery halloween set/models/dead_tree_04.FBX using Guid(3377073e3e89c874cb513eee713eff89) Importer(815301076,1909f56bfc062723c751e8b465ee728b)  -> (artifact id: '5ef4a3757cda9aed7b362663ca56ecd1') in 0.122653 seconds 
========================================================================
Received Import Request.
  Time since last request: 0.000124 seconds.
  path: Assets/cemetery halloween set/mobile_models/mobile_dead_tree_04.FBX
  artifactKey: Guid(bb4f6f30b1c2add4c837344327b4d391) Importer(815301076,1909f56bfc062723c751e8b465ee728b)
Start importing Assets/cemetery halloween set/mobile_models/mobile_dead_tree_04.FBX using Guid(bb4f6f30b1c2add4c837344327b4d391) Importer(815301076,1909f56bfc062723c751e8b465ee728b)  -> (artifact id: 'a59ce378d84b796ec49a1b2da2194ec9') in 0.093605 seconds 
========================================================================
Received Import Request.
  Time since last request: 0.000679 seconds.
  path: Assets/cemetery halloween set/models/gravestone_08.fbx
  artifactKey: Guid(40244e38365821e42bdf5e70f66cb012) Importer(815301076,1909f56bfc062723c751e8b465ee728b)
Start importing Assets/cemetery halloween set/models/gravestone_08.fbx using Guid(40244e38365821e42bdf5e70f66cb012) Importer(815301076,1909f56bfc062723c751e8b465ee728b)  -> (artifact id: 'b208d2c846a39937b52aada0e0159736') in 0.056278 seconds 
========================================================================
Received Import Request.
  Time since last request: 0.000088 seconds.
  path: Assets/cemetery halloween set/mobile_models/fence_tile_01.fbx
  artifactKey: Guid(f96a520ba274cd14ca8dd7355ae63440) Importer(815301076,1909f56bfc062723c751e8b465ee728b)
Start importing Assets/cemetery halloween set/mobile_models/fence_tile_01.fbx using Guid(f96a520ba274cd14ca8dd7355ae63440) Importer(815301076,1909f56bfc062723c751e8b465ee728b)  -> (artifact id: 'a084ef9ef7c54bc8a6a9adc980a0c781') in 0.077770 seconds 
========================================================================
Received Import Request.
  Time since last request: 0.000120 seconds.
  path: Assets/cemetery halloween set/Demo/Materials/Tree_BG.mat
  artifactKey: Guid(50cadd17c7810644dac9d61844d8d8cb) Importer(815301076,1909f56bfc062723c751e8b465ee728b)
Start importing Assets/cemetery halloween set/Demo/Materials/Tree_BG.mat using Guid(50cadd17c7810644dac9d61844d8d8cb) Importer(815301076,1909f56bfc062723c751e8b465ee728b)  -> (artifact id: '7b0f7aa0432b83e93478a9ff921fb3b2') in 0.037572 seconds 
========================================================================
Received Import Request.
  Time since last request: 0.004475 seconds.
  path: Assets/cemetery halloween set/mobile_models/mobile_dead_tree_05.FBX
  artifactKey: Guid(bea86ec69dd0ddf4b9f4cda3ab321957) Importer(815301076,1909f56bfc062723c751e8b465ee728b)
Start importing Assets/cemetery halloween set/mobile_models/mobile_dead_tree_05.FBX using Guid(bea86ec69dd0ddf4b9f4cda3ab321957) Importer(815301076,1909f56bfc062723c751e8b465ee728b)  -> (artifact id: 'bc3bf9ada62ddfa0b3ce020b5d915a36') in 0.113966 seconds 
========================================================================
Received Import Request.
  Time since last request: 0.000133 seconds.
  path: Assets/cemetery halloween set/Demo/Materials/cemetery_halloween_atlas_alpha.mat
  artifactKey: Guid(d74c09e9cc3913d4e8a45c129febb72b) Importer(815301076,1909f56bfc062723c751e8b465ee728b)
Start importing Assets/cemetery halloween set/Demo/Materials/cemetery_halloween_atlas_alpha.mat using Guid(d74c09e9cc3913d4e8a45c129febb72b) Importer(815301076,1909f56bfc062723c751e8b465ee728b)  -> (artifact id: 'd84970d0a87706c2fbdad43319b30688') in 0.074642 seconds 
========================================================================
Received Import Request.
  Time since last request: 0.008199 seconds.
  path: Assets/cemetery halloween set/Prefab_mobile/fence_pillar_04.prefab
  artifactKey: Guid(027629674a2d43e4085a541b1399b7dc) Importer(815301076,1909f56bfc062723c751e8b465ee728b)
Start importing Assets/cemetery halloween set/Prefab_mobile/fence_pillar_04.prefab using Guid(027629674a2d43e4085a541b1399b7dc) Importer(815301076,1909f56bfc062723c751e8b465ee728b)  -> (artifact id: 'bbba5addcaa5e47d2b728af854afc974') in 0.046090 seconds 
========================================================================
Received Import Request.
  Time since last request: 0.000726 seconds.
  path: Assets/cemetery halloween set/models/dead_tree_03.FBX
  artifactKey: Guid(06d19085b329a20418f3615867e04fd5) Importer(815301076,1909f56bfc062723c751e8b465ee728b)
Start importing Assets/cemetery halloween set/models/dead_tree_03.FBX using Guid(06d19085b329a20418f3615867e04fd5) Importer(815301076,1909f56bfc062723c751e8b465ee728b)  -> (artifact id: '56dfb3a9a914d7168073dc21e47f541c') in 0.112315 seconds 
========================================================================
Received Import Request.
  Time since last request: 0.007127 seconds.
  path: Assets/cemetery halloween set/textures/floor_11.mat
  artifactKey: Guid(71ea78aa56fd40544840810c9e5b0590) Importer(815301076,1909f56bfc062723c751e8b465ee728b)
Start importing Assets/cemetery halloween set/textures/floor_11.mat using Guid(71ea78aa56fd40544840810c9e5b0590) Importer(815301076,1909f56bfc062723c751e8b465ee728b)  -> (artifact id: '5bd2384876512f20272a26f07d96eeed') in 0.029782 seconds 
========================================================================
Received Import Request.
  Time since last request: 0.000657 seconds.
  path: Assets/cemetery halloween set/mobile_models/gate_02.fbx
  artifactKey: Guid(9f0e5bf6a0279354cb218522f09358a9) Importer(815301076,1909f56bfc062723c751e8b465ee728b)
Start importing Assets/cemetery halloween set/mobile_models/gate_02.fbx using Guid(9f0e5bf6a0279354cb218522f09358a9) Importer(815301076,1909f56bfc062723c751e8b465ee728b)  -> (artifact id: '88964f60652bdf20ec0f006c00653b73') in 0.077517 seconds 
========================================================================
Received Import Request.
  Time since last request: 0.000084 seconds.
  path: Assets/cemetery halloween set/mobile_models/mobile_dead_tree_06.FBX
  artifactKey: Guid(195c387e6a52b354d8b98c89c66bc831) Importer(815301076,1909f56bfc062723c751e8b465ee728b)
Start importing Assets/cemetery halloween set/mobile_models/mobile_dead_tree_06.FBX using Guid(195c387e6a52b354d8b98c89c66bc831) Importer(815301076,1909f56bfc062723c751e8b465ee728b)  -> (artifact id: '12f0bbc6e78ee557eda7817e462b66ff') in 0.145401 seconds 
========================================================================
Received Import Request.
  Time since last request: 0.000086 seconds.
  path: Assets/cemetery halloween set/models/hang_pumpkin_02.FBX
  artifactKey: Guid(7bf738d0024710e4bb01a1032ecffb57) Importer(815301076,1909f56bfc062723c751e8b465ee728b)
Start importing Assets/cemetery halloween set/models/hang_pumpkin_02.FBX using Guid(7bf738d0024710e4bb01a1032ecffb57) Importer(815301076,1909f56bfc062723c751e8b465ee728b)  -> (artifact id: 'bc49789f8f9b077a8d9b8abdad8ad2e1') in 0.129262 seconds 
========================================================================
Received Import Request.
  Time since last request: 0.000098 seconds.
  path: Assets/cemetery halloween set/models/fence_tile_01.fbx
  artifactKey: Guid(3fd64e3f606559048b247d9d9fe68b28) Importer(815301076,1909f56bfc062723c751e8b465ee728b)
Start importing Assets/cemetery halloween set/models/fence_tile_01.fbx using Guid(3fd64e3f606559048b247d9d9fe68b28) Importer(815301076,1909f56bfc062723c751e8b465ee728b)  -> (artifact id: 'ab8797b55c7c073a4dc2257a3107cc97') in 0.072043 seconds 
========================================================================
Received Import Request.
  Time since last request: 0.004608 seconds.
  path: Assets/cemetery halloween set/models/gate_02.fbx
  artifactKey: Guid(de39154115bfb6e4381d77121ee32d9b) Importer(815301076,1909f56bfc062723c751e8b465ee728b)
Start importing Assets/cemetery halloween set/models/gate_02.fbx using Guid(de39154115bfb6e4381d77121ee32d9b) Importer(815301076,1909f56bfc062723c751e8b465ee728b)  -> (artifact id: '211334a910d623550daabb844d30aeb8') in 0.075274 seconds 
========================================================================
Received Import Request.
  Time since last request: 0.000641 seconds.
  path: Assets/cemetery halloween set/mobile_models/mobile_gravestone_08.fbx
  artifactKey: Guid(7c21598534771664ca8a39da4017b979) Importer(815301076,1909f56bfc062723c751e8b465ee728b)
Start importing Assets/cemetery halloween set/mobile_models/mobile_gravestone_08.fbx using Guid(7c21598534771664ca8a39da4017b979) Importer(815301076,1909f56bfc062723c751e8b465ee728b)  -> (artifact id: '732e3a13ae9f4c49be59d165877747fe') in 0.056109 seconds 
========================================================================
Received Import Request.
  Time since last request: 0.005861 seconds.
  path: Assets/cemetery halloween set/models/gravestone_05.fbx
  artifactKey: Guid(9e20b7b9e08ca864eb1a6ecae2969cae) Importer(815301076,1909f56bfc062723c751e8b465ee728b)
Start importing Assets/cemetery halloween set/models/gravestone_05.fbx using Guid(9e20b7b9e08ca864eb1a6ecae2969cae) Importer(815301076,1909f56bfc062723c751e8b465ee728b)  -> (artifact id: 'ec060904df471ce1306c59d35167b8ec') in 0.075108 seconds 
========================================================================
Received Import Request.
  Time since last request: 0.000133 seconds.
  path: Assets/cemetery halloween set/textures/floor_13.png
  artifactKey: Guid(8f2f2716c0826a8409cc60b460b6e1ac) Importer(815301076,1909f56bfc062723c751e8b465ee728b)
Start importing Assets/cemetery halloween set/textures/floor_13.png using Guid(8f2f2716c0826a8409cc60b460b6e1ac) Importer(815301076,1909f56bfc062723c751e8b465ee728b)  -> (artifact id: '4fcad252e52f318449436715eaa009f8') in 3.277250 seconds 
========================================================================
Received Import Request.
  Time since last request: 0.000148 seconds.
  path: Assets/cemetery halloween set/Prefab_mobile/mobile_gravestone_09.prefab
  artifactKey: Guid(0e2d286a71be2fd4188c6fd4491c245d) Importer(815301076,1909f56bfc062723c751e8b465ee728b)
Start importing Assets/cemetery halloween set/Prefab_mobile/mobile_gravestone_09.prefab using Guid(0e2d286a71be2fd4188c6fd4491c245d) Importer(815301076,1909f56bfc062723c751e8b465ee728b)  -> (artifact id: '96e8219e9ae86585d7f1eb72c8b38853') in 0.056016 seconds 
========================================================================
Received Import Request.
  Time since last request: 0.000407 seconds.
  path: Assets/cemetery halloween set/models/fence_pillar_02.fbx
  artifactKey: Guid(7ad40de0b65ac1e49bc72259ad6343e2) Importer(815301076,1909f56bfc062723c751e8b465ee728b)
Start importing Assets/cemetery halloween set/models/fence_pillar_02.fbx using Guid(7ad40de0b65ac1e49bc72259ad6343e2) Importer(815301076,1909f56bfc062723c751e8b465ee728b)  -> (artifact id: '1f343d787dc4f4313010fea28dc71739') in 0.081250 seconds 
========================================================================
Received Import Request.
  Time since last request: 0.000223 seconds.
  path: Assets/cemetery halloween set/models/gravestone_01.fbx
  artifactKey: Guid(e899583bc5a61d044bbb5ebf35060820) Importer(815301076,1909f56bfc062723c751e8b465ee728b)
Start importing Assets/cemetery halloween set/models/gravestone_01.fbx using Guid(e899583bc5a61d044bbb5ebf35060820) Importer(815301076,1909f56bfc062723c751e8b465ee728b)  -> (artifact id: '6738fff56229224d75ddf3aebb7b751c') in 0.119773 seconds 
========================================================================
Received Import Request.
  Time since last request: 0.002675 seconds.
  path: Assets/cemetery halloween set/Prefab_mobile/mobile_dead_tree_01.prefab
  artifactKey: Guid(82b2054d2bd318c4e8c7b06e163cba40) Importer(815301076,1909f56bfc062723c751e8b465ee728b)
Start importing Assets/cemetery halloween set/Prefab_mobile/mobile_dead_tree_01.prefab using Guid(82b2054d2bd318c4e8c7b06e163cba40) Importer(815301076,1909f56bfc062723c751e8b465ee728b)  -> (artifact id: 'c1152289574711b6f966888fad213ef7') in 0.079967 seconds 
========================================================================
Received Import Request.
  Time since last request: 0.007791 seconds.
  path: Assets/cemetery halloween set/models/hang_pumpkin_01.FBX
  artifactKey: Guid(6912e36da7db98940a5eed09d2a288df) Importer(815301076,1909f56bfc062723c751e8b465ee728b)
Start importing Assets/cemetery halloween set/models/hang_pumpkin_01.FBX using Guid(6912e36da7db98940a5eed09d2a288df) Importer(815301076,1909f56bfc062723c751e8b465ee728b)  -> (artifact id: '87b159bf4d8c31a1d4df5d6c32204a51') in 0.088827 seconds 
